08-03-2020 16:37:26.484 [restartedMain] ERRORo.s.boot.SpringApplication.reportFailure - Application startup failed
java.lang.IllegalStateException: Failed to execute CommandLineRunner
	at org.springframework.boot.SpringApplication.callRunner(SpringApplication.java:735)
	at org.springframework.boot.SpringApplication.callRunners(SpringApplication.java:716)
	at org.springframework.boot.SpringApplication.afterRefresh(SpringApplication.java:703)
	at org.springframework.boot.SpringApplication.run(SpringApplication.java:304)
	at org.springframework.boot.SpringApplication.run(SpringApplication.java:1118)
	at org.springframework.boot.SpringApplication.run(SpringApplication.java:1107)
	at com.example.Application.main(Application.java:22)
	at sun.reflect.NativeMethodAccessorImpl.invoke0(Native Method)
	at sun.reflect.NativeMethodAccessorImpl.invoke(NativeMethodAccessorImpl.java:62)
	at sun.reflect.DelegatingMethodAccessorImpl.invoke(DelegatingMethodAccessorImpl.java:43)
	at java.lang.reflect.Method.invoke(Method.java:498)
	at org.springframework.boot.devtools.restart.RestartLauncher.run(RestartLauncher.java:49)
Caused by: java.lang.ArrayIndexOutOfBoundsException: -1
	at java.util.ArrayList.elementData(ArrayList.java:422)
	at java.util.ArrayList.get(ArrayList.java:435)
	at com.example.storage.repo.TradingSessionTemplate.getTradingSessionBeforeDays(TradingSessionTemplate.java:89)
	at com.example.storage.repo.TradingSessionTemplate.getAveragePrice(TradingSessionTemplate.java:98)
	at com.example.storage.repo.TradingSessionTemplate$$FastClassBySpringCGLIB$$5977db87.invoke(<generated>)
	at org.springframework.cglib.proxy.MethodProxy.invoke(MethodProxy.java:204)
	at org.springframework.aop.framework.CglibAopProxy$CglibMethodInvocation.invokeJoinpoint(CglibAopProxy.java:736)
	at org.springframework.aop.framework.ReflectiveMethodInvocation.proceed(ReflectiveMethodInvocation.java:157)
	at org.springframework.dao.support.PersistenceExceptionTranslationInterceptor.invoke(PersistenceExceptionTranslationInterceptor.java:136)
	at org.springframework.aop.framework.ReflectiveMethodInvocation.proceed(ReflectiveMethodInvocation.java:179)
	at org.springframework.aop.framework.CglibAopProxy$DynamicAdvisedInterceptor.intercept(CglibAopProxy.java:671)
	at com.example.storage.repo.TradingSessionTemplate$$EnhancerBySpringCGLIB$$90170d0f.getAveragePrice(<generated>)
	at com.example.storage.service.StorageServiceImpl.getSMA(StorageServiceImpl.java:56)
	at com.example.test.AppRunner.run(AppRunner.java:148)
	at org.springframework.boot.SpringApplication.callRunner(SpringApplication.java:732)
	... 11 common frames omitted
08-03-2020 16:38:50.028 [restartedMain] ERRORo.s.boot.SpringApplication.reportFailure - Application startup failed
java.lang.IllegalStateException: Failed to execute CommandLineRunner
	at org.springframework.boot.SpringApplication.callRunner(SpringApplication.java:735)
	at org.springframework.boot.SpringApplication.callRunners(SpringApplication.java:716)
	at org.springframework.boot.SpringApplication.afterRefresh(SpringApplication.java:703)
	at org.springframework.boot.SpringApplication.run(SpringApplication.java:304)
	at org.springframework.boot.SpringApplication.run(SpringApplication.java:1118)
	at org.springframework.boot.SpringApplication.run(SpringApplication.java:1107)
	at com.example.Application.main(Application.java:22)
	at sun.reflect.NativeMethodAccessorImpl.invoke0(Native Method)
	at sun.reflect.NativeMethodAccessorImpl.invoke(NativeMethodAccessorImpl.java:62)
	at sun.reflect.DelegatingMethodAccessorImpl.invoke(DelegatingMethodAccessorImpl.java:43)
	at java.lang.reflect.Method.invoke(Method.java:498)
	at org.springframework.boot.devtools.restart.RestartLauncher.run(RestartLauncher.java:49)
Caused by: java.lang.ArrayIndexOutOfBoundsException: -1
	at java.util.ArrayList.elementData(ArrayList.java:422)
	at java.util.ArrayList.get(ArrayList.java:435)
	at com.example.storage.repo.TradingSessionTemplate.getTradingSessionBeforeDays(TradingSessionTemplate.java:89)
	at com.example.storage.repo.TradingSessionTemplate.getAveragePrice(TradingSessionTemplate.java:98)
	at com.example.storage.repo.TradingSessionTemplate$$FastClassBySpringCGLIB$$5977db87.invoke(<generated>)
	at org.springframework.cglib.proxy.MethodProxy.invoke(MethodProxy.java:204)
	at org.springframework.aop.framework.CglibAopProxy$CglibMethodInvocation.invokeJoinpoint(CglibAopProxy.java:736)
	at org.springframework.aop.framework.ReflectiveMethodInvocation.proceed(ReflectiveMethodInvocation.java:157)
	at org.springframework.dao.support.PersistenceExceptionTranslationInterceptor.invoke(PersistenceExceptionTranslationInterceptor.java:136)
	at org.springframework.aop.framework.ReflectiveMethodInvocation.proceed(ReflectiveMethodInvocation.java:179)
	at org.springframework.aop.framework.CglibAopProxy$DynamicAdvisedInterceptor.intercept(CglibAopProxy.java:671)
	at com.example.storage.repo.TradingSessionTemplate$$EnhancerBySpringCGLIB$$14de382f.getAveragePrice(<generated>)
	at com.example.storage.service.StorageServiceImpl.getSMA(StorageServiceImpl.java:56)
	at com.example.test.AppRunner.run(AppRunner.java:148)
	at org.springframework.boot.SpringApplication.callRunner(SpringApplication.java:732)
	... 11 common frames omitted
