10-02-2020 10:16:15.050 [DefaultMessageListenerContainer-1] INFO c.e.external.factor.FactorRediff.getMcapFaceValue - https://money.rediff.com/companies/Ashok-Leyland-Ltd/10510001
10-02-2020 10:16:20.753 [DefaultMessageListenerContainer-1] INFO c.e.external.factor.FactorRediff.getMcapFaceValue - https://money.rediff.com/companies/Indoco-Remedies-Ltd/12540545
10-02-2020 10:16:28.506 [DefaultMessageListenerContainer-1] INFO c.e.external.factor.FactorRediff.getMcapFaceValue - https://money.rediff.com/companies/Shriram-City-Union-Finance-Ltd/14060171
10-02-2020 10:16:35.481 [DefaultMessageListenerContainer-1] INFO c.e.external.factor.FactorRediff.getMcapFaceValue - https://money.rediff.com/companies/IndusInd-Bank-Ltd/14030054
10-02-2020 10:16:41.394 [DefaultMessageListenerContainer-1] INFO c.e.external.factor.FactorRediff.getMcapFaceValue - https://money.rediff.com/companies/Mahindra-Mahindra-Financial-Services-Ltd/10520003.14
10-02-2020 10:16:46.149 [DefaultMessageListenerContainer-1] INFO c.e.external.factor.FactorRediff.getMcapFaceValue - https://money.rediff.com/companies/TVS-Motor-Company-Ltd/10540010
10-02-2020 10:16:51.801 [DefaultMessageListenerContainer-1] INFO c.e.external.factor.FactorRediff.getMcapFaceValue - https://money.rediff.com/companies/United-Spirits-Ltd/11100025
10-02-2020 10:17:04.707 [DefaultMessageListenerContainer-1] INFO c.e.external.factor.FactorRediff.getMcapFaceValue - https://money.rediff.com/companies/Bharat-Dynamics-Ltd/13520141
10-02-2020 10:17:09.776 [DefaultMessageListenerContainer-1] INFO c.e.external.factor.FactorRediff.getMcapFaceValue - https://money.rediff.com/companies/Ashoka-Buildcon-Ltd/11600156
10-02-2020 10:17:16.835 [DefaultMessageListenerContainer-1] INFO c.e.external.factor.FactorRediff.getMcapFaceValue - https://money.rediff.com/companies/The-New-India-Assurance-Company-Ltd/14020003
10-02-2020 10:17:23.043 [DefaultMessageListenerContainer-1] INFO c.e.external.factor.FactorRediff.getMcapFaceValue - https://money.rediff.com/companies/Torrent-Power-Ltd/15130120
10-02-2020 10:17:29.180 [DefaultMessageListenerContainer-1] INFO c.e.external.factor.FactorRediff.getMcapFaceValue - https://money.rediff.com/companies/Bharat-Electronics-Ltd/13110034
10-02-2020 10:17:35.325 [DefaultMessageListenerContainer-1] INFO c.e.external.factor.FactorRediff.getMcapFaceValue - https://money.rediff.com/companies/LIC-Housing-Finance-Ltd/14080009
10-02-2020 10:17:39.669 [DefaultMessageListenerContainer-1] INFO c.e.external.factor.FactorRediff.getMcapFaceValue - https://money.rediff.com/companies/V-Mart-Retail-Ltd/10760013
10-02-2020 10:17:44.881 [DefaultMessageListenerContainer-1] INFO c.e.external.factor.FactorRediff.getMcapFaceValue - https://money.rediff.com/companies/Bliss-GVS-Pharma-Ltd/12530001
10-02-2020 10:17:49.806 [DefaultMessageListenerContainer-1] INFO c.e.external.factor.FactorRediff.getMcapFaceValue - https://money.rediff.com/companies/Inox-Leisure-Ltd/17024141
10-02-2020 10:17:54.978 [DefaultMessageListenerContainer-1] INFO c.e.external.factor.FactorRediff.getMcapFaceValue - https://money.rediff.com/companies/Kalpataru-Power-Transmissions-Ltd/15150006
10-02-2020 10:18:02.947 [DefaultMessageListenerContainer-1] INFO c.e.external.factor.FactorRediff.getMcapFaceValue - https://money.rediff.com/companies/CreditAccess-Grameen-Ltd/14011064
10-02-2020 10:18:13.982 [DefaultMessageListenerContainer-1] INFO c.e.external.factor.FactorRediff.getMcapFaceValue - https://money.rediff.com/companies/S-H-Kelkar-Company-Ltd/12070132
10-02-2020 10:18:20.225 [DefaultMessageListenerContainer-1] INFO c.e.external.factor.FactorRediff.getMcapFaceValue - https://money.rediff.com/companies/JSW-Steel-Ltd/15530059
