12-02-2020 11:49:00.025 [DefaultQuartzScheduler-camel-1_Worker-1] INFO 
				c.e.i.p.d.DownloadNSEBhavProcessor.process - DOWNLOAD FILE PROCESSOR START ...
12-02-2020 11:49:00.070 [DefaultQuartzScheduler-camel-1_Worker-1] INFO 
				c.e.i.p.d.DownloadNSEBhavProcessor.process - DOWNLOAD FILE PROCESSOR END ...
12-02-2020 11:49:09.255 [Camel (camel-1) thread #1 - JmsConsumer[queue.integration.stocks.bhav]] INFO 
				c.e.i.p.bhav.BhavUpdateProcessor.process - BHAV UPDATE PROCESSOR : START
12-02-2020 11:49:58.423 [Camel (camel-1) thread #1 - JmsConsumer[queue.integration.stocks.bhav]] INFO 
				c.e.i.p.bhav.BhavUpdateProcessor.process - BHAV UPDATE PROCESSOR : END
12-02-2020 12:40:00.007 [DefaultQuartzScheduler-camel-1_Worker-2] INFO 
				c.e.i.p.u.UpdateResearchProcessor.process - UpdateResearchProcessor : START
12-02-2020 12:40:00.008 [DefaultQuartzScheduler-camel-1_Worker-2] DEBUG
				c.e.i.p.u.UpdateResearchProcessor.process - UpdateResearchProcessor : Queuinh to Update ... UpdateTriggerIO [trigger=UPDATE_RESEARCH]
12-02-2020 12:40:00.014 [DefaultQuartzScheduler-camel-1_Worker-2] INFO 
				c.e.i.p.u.UpdateResearchProcessor.process - UpdateResearchProcessor : END
12-02-2020 12:42:00.001 [DefaultQuartzScheduler-camel-1_Worker-3] INFO 
				c.e.i.p.e.EmailPortfolioProcessor.process - EmailPortfolioResearchProcessor START
12-02-2020 12:42:00.002 [DefaultQuartzScheduler-camel-1_Worker-3] DEBUG
				c.e.i.p.e.EmailPortfolioProcessor.process - EmailPortfolioResearchProcessor : Queuinh to Notification ... NotificationTriggerIO [triggerType=PORTFOLIO]
12-02-2020 12:42:00.010 [DefaultQuartzScheduler-camel-1_Worker-3] INFO 
				c.e.i.p.e.EmailPortfolioProcessor.process - EmailPortfolioResearchProcessor END
12-02-2020 12:45:00.005 [DefaultQuartzScheduler-camel-1_Worker-4] INFO 
				c.e.i.p.email.EmailResearchProcessor.process - EmailResearchProcessor START
12-02-2020 12:45:00.006 [DefaultQuartzScheduler-camel-1_Worker-4] DEBUG
				c.e.i.p.email.EmailResearchProcessor.process - EmailResearchProcessor : Queuinh to Notification ... NotificationTriggerIO [triggerType=RESEARCH]
12-02-2020 12:45:00.011 [DefaultQuartzScheduler-camel-1_Worker-4] INFO 
				c.e.i.p.email.EmailResearchProcessor.process - EmailResearchProcessor END
