11-02-2020 10:33:00.025 [DefaultQuartzScheduler-camel-1_Worker-1] INFO 
				c.e.i.p.d.DownloadNSEBhavProcessor.process - DOWNLOAD FILE PROCESSOR START ...
11-02-2020 10:33:00.049 [DefaultQuartzScheduler-camel-1_Worker-1] INFO 
				c.e.i.p.d.DownloadNSEBhavProcessor.process - DOWNLOAD FILE PROCESSOR END ...
11-02-2020 10:33:08.679 [Camel (camel-1) thread #1 - JmsConsumer[queue.integration.stocks.bhav]] INFO 
				c.e.i.p.bhav.BhavUpdateProcessor.process - BHAV UPDATE PROCESSOR : START
11-02-2020 10:33:57.629 [Camel (camel-1) thread #1 - JmsConsumer[queue.integration.stocks.bhav]] INFO 
				c.e.i.p.bhav.BhavUpdateProcessor.process - BHAV UPDATE PROCESSOR : END
11-02-2020 11:40:00.007 [DefaultQuartzScheduler-camel-1_Worker-2] INFO 
				c.e.i.p.u.UpdateResearchProcessor.process - UpdateResearchProcessor : START
11-02-2020 11:40:00.008 [DefaultQuartzScheduler-camel-1_Worker-2] DEBUG
				c.e.i.p.u.UpdateResearchProcessor.process - UpdateResearchProcessor : Queuinh to Update ... UpdateTriggerIO [trigger=UPDATE_RESEARCH]
11-02-2020 11:40:00.016 [DefaultQuartzScheduler-camel-1_Worker-2] INFO 
				c.e.i.p.u.UpdateResearchProcessor.process - UpdateResearchProcessor : END
11-02-2020 11:42:00.006 [DefaultQuartzScheduler-camel-1_Worker-3] INFO 
				c.e.i.p.e.EmailPortfolioProcessor.process - EmailPortfolioResearchProcessor START
11-02-2020 11:42:00.006 [DefaultQuartzScheduler-camel-1_Worker-3] DEBUG
				c.e.i.p.e.EmailPortfolioProcessor.process - EmailPortfolioResearchProcessor : Queuinh to Notification ... NotificationTriggerIO [triggerType=PORTFOLIO]
11-02-2020 11:42:00.013 [DefaultQuartzScheduler-camel-1_Worker-3] INFO 
				c.e.i.p.e.EmailPortfolioProcessor.process - EmailPortfolioResearchProcessor END
11-02-2020 11:45:00.005 [DefaultQuartzScheduler-camel-1_Worker-4] INFO 
				c.e.i.p.email.EmailResearchProcessor.process - EmailResearchProcessor START
11-02-2020 11:45:00.005 [DefaultQuartzScheduler-camel-1_Worker-4] DEBUG
				c.e.i.p.email.EmailResearchProcessor.process - EmailResearchProcessor : Queuinh to Notification ... NotificationTriggerIO [triggerType=RESEARCH]
11-02-2020 11:45:00.011 [DefaultQuartzScheduler-camel-1_Worker-4] INFO 
				c.e.i.p.email.EmailResearchProcessor.process - EmailResearchProcessor END
