05-02-2020 10:51:17.189 [Camel (camel-1) thread #1 - JmsConsumer[queue.integration.stocks.bhav]] INFO 
				c.e.i.p.bhav.BhavUpdateProcessor.process - BHAV UPDATE PROCESSOR : START
05-02-2020 10:52:19.288 [Camel (camel-1) thread #1 - JmsConsumer[queue.integration.stocks.bhav]] INFO 
				c.e.i.p.bhav.BhavUpdateProcessor.process - BHAV UPDATE PROCESSOR : END
05-02-2020 11:59:09.442 [Camel (camel-1) thread #1 - JmsConsumer[queue.integration.stocks.bhav]] INFO 
				c.e.i.p.bhav.BhavUpdateProcessor.process - BHAV UPDATE PROCESSOR : START
05-02-2020 12:00:07.915 [Camel (camel-1) thread #1 - JmsConsumer[queue.integration.stocks.bhav]] INFO 
				c.e.i.p.bhav.BhavUpdateProcessor.process - BHAV UPDATE PROCESSOR : END
05-02-2020 12:40:00.115 [DefaultQuartzScheduler-camel-1_Worker-1] INFO 
				c.e.i.p.u.UpdateResearchProcessor.process - UpdateResearchProcessor : START
05-02-2020 12:40:00.157 [DefaultQuartzScheduler-camel-1_Worker-1] DEBUG
				c.e.i.p.u.UpdateResearchProcessor.process - UpdateResearchProcessor : Queuinh to Update ... UpdateTriggerIO [trigger=UPDATE_RESEARCH]
05-02-2020 12:40:00.168 [DefaultQuartzScheduler-camel-1_Worker-1] INFO 
				c.e.i.p.u.UpdateResearchProcessor.process - UpdateResearchProcessor : END
05-02-2020 12:42:00.006 [DefaultQuartzScheduler-camel-1_Worker-2] INFO 
				c.e.i.p.e.EmailPortfolioProcessor.process - EmailPortfolioResearchProcessor START
05-02-2020 12:42:00.012 [DefaultQuartzScheduler-camel-1_Worker-2] DEBUG
				c.e.i.p.e.EmailPortfolioProcessor.process - EmailPortfolioResearchProcessor : Queuinh to Notification ... NotificationTriggerIO [triggerType=PORTFOLIO]
05-02-2020 12:42:00.018 [DefaultQuartzScheduler-camel-1_Worker-2] INFO 
				c.e.i.p.e.EmailPortfolioProcessor.process - EmailPortfolioResearchProcessor END
05-02-2020 12:45:00.002 [DefaultQuartzScheduler-camel-1_Worker-3] INFO 
				c.e.i.p.email.EmailResearchProcessor.process - EmailResearchProcessor START
05-02-2020 12:45:00.002 [DefaultQuartzScheduler-camel-1_Worker-3] DEBUG
				c.e.i.p.email.EmailResearchProcessor.process - EmailResearchProcessor : Queuinh to Notification ... NotificationTriggerIO [triggerType=RESEARCH]
05-02-2020 12:45:00.007 [DefaultQuartzScheduler-camel-1_Worker-3] INFO 
				c.e.i.p.email.EmailResearchProcessor.process - EmailResearchProcessor END
