2025-04-01 11:17:27.654 [restartedMain] INFO  com.example.WebApplication - Starting WebApplication using Java 17.0.14 on RI-L053.local with PID 21784 (/Users/phs/mydrive/repo/track-n-pick/tnp-web/build/classes/java/main started by phs in /Users/phs/mydrive/repo/track-n-pick/tnp-web)
2025-04-01 11:17:27.656 [restartedMain] DEBUG com.example.WebApplication - Running with Spring Boot v2.6.6, Spring v5.3.18
2025-04-01 11:17:27.657 [restartedMain] INFO  com.example.WebApplication - No active profile set, falling back to 1 default profile: "default"
2025-04-01 11:17:31.078 [restartedMain] DEBUG c.e.w.s.JwtAuthenticationFilter - Filter 'jwtAuthenticationFilter' configured for use
2025-04-01 11:19:12.703 [restartedMain] INFO  com.example.WebApplication - Starting WebApplication using Java 17.0.14 on RI-L053.local with PID 21947 (/Users/phs/mydrive/repo/track-n-pick/tnp-web/build/classes/java/main started by phs in /Users/phs/mydrive/repo/track-n-pick/tnp-web)
2025-04-01 11:19:12.704 [restartedMain] DEBUG com.example.WebApplication - Running with Spring Boot v2.6.6, Spring v5.3.18
2025-04-01 11:19:12.704 [restartedMain] INFO  com.example.WebApplication - No active profile set, falling back to 1 default profile: "default"
2025-04-01 11:19:16.192 [restartedMain] DEBUG c.e.w.s.JwtAuthenticationFilter - Filter 'jwtAuthenticationFilter' configured for use
2025-04-01 11:19:22.275 [restartedMain] INFO  com.example.WebApplication - Started WebApplication in 10.113 seconds (JVM running for 10.745)
2025-04-01 11:19:22.277 [restartedMain] INFO  com.example.WebRunner - Application started....
2025-04-01 11:24:35.223 [restartedMain] INFO  com.example.WebApplication - Starting WebApplication using Java 17.0.14 on RI-L053.local with PID 22514 (/Users/phs/mydrive/repo/track-n-pick/tnp-web/build/classes/java/main started by phs in /Users/phs/mydrive/repo/track-n-pick/tnp-web)
2025-04-01 11:24:35.225 [restartedMain] DEBUG com.example.WebApplication - Running with Spring Boot v2.6.6, Spring v5.3.18
2025-04-01 11:24:35.225 [restartedMain] INFO  com.example.WebApplication - No active profile set, falling back to 1 default profile: "default"
2025-04-01 11:24:38.472 [restartedMain] DEBUG c.e.w.s.JwtAuthenticationFilter - Filter 'jwtAuthenticationFilter' configured for use
2025-04-01 11:24:44.834 [restartedMain] INFO  com.example.WebApplication - Started WebApplication in 10.148 seconds (JVM running for 10.787)
2025-04-01 11:24:44.836 [restartedMain] INFO  com.example.WebRunner - Application started....
2025-04-01 11:27:06.747 [restartedMain] INFO  com.example.WebApplication - Starting WebApplication using Java 17.0.14 on RI-L053.local with PID 23031 (/Users/phs/mydrive/repo/track-n-pick/tnp-web/build/classes/java/main started by phs in /Users/phs/mydrive/repo/track-n-pick/tnp-web)
2025-04-01 11:27:06.750 [restartedMain] DEBUG com.example.WebApplication - Running with Spring Boot v2.6.6, Spring v5.3.18
2025-04-01 11:27:06.751 [restartedMain] INFO  com.example.WebApplication - No active profile set, falling back to 1 default profile: "default"
2025-04-01 11:27:10.884 [restartedMain] DEBUG c.e.w.s.JwtAuthenticationFilter - Filter 'jwtAuthenticationFilter' configured for use
2025-04-01 11:28:59.202 [restartedMain] INFO  com.example.WebApplication - Starting WebApplication using Java 17.0.14 on RI-L053.local with PID 23444 (/Users/phs/mydrive/repo/track-n-pick/tnp-web/build/classes/java/main started by phs in /Users/phs/mydrive/repo/track-n-pick/tnp-web)
2025-04-01 11:28:59.251 [restartedMain] DEBUG com.example.WebApplication - Running with Spring Boot v2.6.6, Spring v5.3.18
2025-04-01 11:28:59.253 [restartedMain] INFO  com.example.WebApplication - No active profile set, falling back to 1 default profile: "default"
2025-04-01 11:29:06.829 [restartedMain] DEBUG c.e.w.s.JwtAuthenticationFilter - Filter 'jwtAuthenticationFilter' configured for use
2025-04-01 11:29:33.625 [restartedMain] INFO  com.example.WebApplication - Started WebApplication in 35.639 seconds (JVM running for 37.385)
2025-04-01 11:29:33.634 [restartedMain] INFO  com.example.WebRunner - Application started....
2025-04-01 11:44:59.364 [main] INFO  com.example.WebApplication - Starting WebApplication using Java 17.0.14 on RI-L053.local with PID 28385 (/Users/phs/mydrive/repo/track-n-pick/tnp-web/build/classes/java/main started by phs in /Users/phs/mydrive/repo/track-n-pick/tnp-web)
2025-04-01 11:44:59.371 [main] DEBUG com.example.WebApplication - Running with Spring Boot v2.6.6, Spring v5.3.18
2025-04-01 11:44:59.372 [main] INFO  com.example.WebApplication - No active profile set, falling back to 1 default profile: "default"
2025-04-01 11:45:32.619 [main] DEBUG c.e.w.s.JwtAuthenticationFilter - Filter 'jwtAuthenticationFilter' configured for use
2025-04-01 11:45:46.439 [main] INFO  com.example.WebApplication - Started WebApplication in 48.551 seconds (JVM running for 49.449)
2025-04-01 11:45:46.444 [main] INFO  com.example.WebRunner - Application started....
2025-04-01 12:04:04.325 [main] INFO  com.example.WebApplication - Starting WebApplication using Java 17.0.14 on RI-L053.local with PID 30977 (/Users/phs/mydrive/repo/track-n-pick/tnp-web/build/classes/java/main started by phs in /Users/phs/mydrive/repo/track-n-pick/tnp-web)
2025-04-01 12:04:04.331 [main] DEBUG com.example.WebApplication - Running with Spring Boot v2.6.6, Spring v5.3.18
2025-04-01 12:04:04.332 [main] INFO  com.example.WebApplication - No active profile set, falling back to 1 default profile: "default"
2025-04-01 12:04:08.596 [main] DEBUG c.e.w.s.JwtAuthenticationFilter - Filter 'jwtAuthenticationFilter' configured for use
2025-04-01 12:22:55.324 [main] INFO  com.example.WebApplication - Starting WebApplication using Java 17.0.14 on RI-L053.local with PID 34961 (/Users/phs/mydrive/repo/track-n-pick/tnp-web/build/classes/java/main started by phs in /Users/phs/mydrive/repo/track-n-pick/tnp-web)
2025-04-01 12:22:55.325 [main] DEBUG com.example.WebApplication - Running with Spring Boot v2.6.6, Spring v5.3.18
2025-04-01 12:22:55.326 [main] INFO  com.example.WebApplication - The following 1 profile is active: "dev"
2025-04-01 12:22:57.041 [main] DEBUG c.e.w.s.JwtAuthenticationFilter - Filter 'jwtAuthenticationFilter' configured for use
2025-04-01 12:24:08.933 [main] INFO  com.example.WebApplication - Starting WebApplication using Java 17.0.14 on RI-L053.local with PID 35073 (/Users/phs/mydrive/repo/track-n-pick/tnp-web/build/classes/java/main started by phs in /Users/phs/mydrive/repo/track-n-pick/tnp-web)
2025-04-01 12:24:08.934 [main] DEBUG com.example.WebApplication - Running with Spring Boot v2.6.6, Spring v5.3.18
2025-04-01 12:24:08.935 [main] INFO  com.example.WebApplication - The following 1 profile is active: "dev"
2025-04-01 12:24:10.567 [main] DEBUG c.e.w.s.JwtAuthenticationFilter - Filter 'jwtAuthenticationFilter' configured for use
2025-04-01 12:25:39.185 [main] INFO  com.example.WebApplication - Starting WebApplication using Java 17.0.14 on RI-L053.local with PID 35206 (/Users/phs/mydrive/repo/track-n-pick/tnp-web/build/classes/java/main started by phs in /Users/phs/mydrive/repo/track-n-pick/tnp-web)
2025-04-01 12:25:39.188 [main] DEBUG com.example.WebApplication - Running with Spring Boot v2.6.6, Spring v5.3.18
2025-04-01 12:25:39.188 [main] INFO  com.example.WebApplication - The following 1 profile is active: "dev"
2025-04-01 12:25:41.538 [main] DEBUG c.e.w.s.JwtAuthenticationFilter - Filter 'jwtAuthenticationFilter' configured for use
2025-04-01 12:25:48.164 [main] INFO  com.example.WebApplication - Started WebApplication in 9.611 seconds (JVM running for 10.061)
2025-04-01 12:25:48.167 [main] INFO  com.example.WebRunner - Application started....
2025-04-01 12:25:57.682 [main] INFO  c.e.s.i.ThreeSessionCandleStickServiceImpl - SENSEXADD: Three-Candle Tweezer Bottom detected on 2025-03-28
2025-04-01 12:25:57.683 [main] INFO  c.e.s.i.CandleStickConfirmationServiceImpl - SENSEXADD Bullish 3 session pattern detected but NOT confirmed by volume
2025-04-01 12:25:57.920 [main] INFO  c.e.s.i.TwoSessionCandleStickServiceImpl - COMMOIETF: Bullish Engulfing detected on previous session
2025-04-01 12:25:58.136 [main] INFO  c.e.s.i.TwoSessionCandleStickServiceImpl - SETFNIFBK: Bullish Engulfing detected on previous session
2025-04-01 12:25:58.195 [main] INFO  c.e.s.i.SingleSessionCandleStickServiceImpl - IVZINGOLD: Open Low candle detected on 2025-03-28
2025-04-01 12:25:58.195 [main] INFO  c.e.s.i.CandleStickConfirmationServiceImpl - IVZINGOLD Bullish 1 session pattern detected but NOT confirmed by volume
2025-04-01 12:25:58.494 [main] INFO  c.e.s.i.ThreeSessionCandleStickServiceImpl - BFSI: Three-Candle Tweezer Bottom detected on 2025-03-28
2025-04-01 12:25:58.494 [main] INFO  c.e.s.i.CandleStickConfirmationServiceImpl - BFSI Bullish 3 session pattern detected but NOT confirmed by volume
2025-04-01 12:25:58.692 [main] INFO  c.e.s.i.SingleSessionCandleStickServiceImpl - GOLDSHARE: Open Low candle detected on 2025-03-28
2025-04-01 12:25:58.693 [main] INFO  c.e.s.i.CandleStickConfirmationServiceImpl - GOLDSHARE Bullish 1 session pattern detected but NOT confirmed by volume
2025-04-01 12:25:58.792 [main] INFO  c.e.s.i.ThreeSessionCandleStickServiceImpl - LICNETFSEN: Three-Candle Tweezer Bottom detected on 2025-03-28
2025-04-01 12:25:58.792 [main] INFO  c.e.s.i.CandleStickConfirmationServiceImpl - LICNETFSEN Bullish 3 session pattern detected but NOT confirmed by volume
2025-04-01 12:25:58.897 [main] INFO  c.e.s.i.ThreeSessionCandleStickServiceImpl - BBETF0432: Three-Candle Tweezer Bottom detected on 2025-03-28
2025-04-01 12:25:58.897 [main] INFO  c.e.s.i.CandleStickConfirmationServiceImpl - BBETF0432 Bullish 3 session pattern detected but NOT confirmed by volume
2025-04-01 12:25:58.898 [main] INFO  c.e.s.i.SingleSessionCandleStickServiceImpl - BBETF0432: Open Low candle detected on 2025-03-28
2025-04-01 12:25:58.898 [main] INFO  c.e.s.i.CandleStickConfirmationServiceImpl - BBETF0432 Bullish 1 session pattern detected but NOT confirmed by volume
2025-04-01 12:25:59.450 [main] INFO  c.e.s.i.TwoSessionCandleStickServiceImpl - GILT5YBEES: Tweezer Bottom detected on 2025-03-28
2025-04-01 12:25:59.451 [main] INFO  c.e.s.i.CandleStickConfirmationServiceImpl - GILT5YBEES Bullish 2 session pattern detected but NOT confirmed by volume
2025-04-01 12:25:59.801 [main] INFO  c.e.s.i.SingleSessionCandleStickServiceImpl - SILVERETF: Open Low candle detected on 2025-03-28
2025-04-01 12:25:59.801 [main] INFO  c.e.s.i.CandleStickConfirmationServiceImpl - SILVERETF Bullish 1 session pattern detected but NOT confirmed by volume
2025-04-01 12:26:00.150 [main] INFO  c.e.s.i.TwoSessionCandleStickServiceImpl - HDFCNEXT50: Bullish Engulfing detected on previous session
2025-04-01 12:26:01.039 [main] INFO  c.e.s.i.SingleSessionCandleStickServiceImpl - SILVERIETF: Open Low candle detected on 2025-03-28
2025-04-01 12:26:01.040 [main] INFO  c.e.s.i.CandleStickConfirmationServiceImpl - SILVERIETF Bullish 1 session pattern detected but NOT confirmed by volume
2025-04-01 12:26:02.188 [main] INFO  c.e.s.i.ThreeSessionCandleStickServiceImpl - MOM50: Three-Candle Tweezer Bottom detected on 2025-03-28
2025-04-01 12:26:02.189 [main] INFO  c.e.s.i.CandleStickConfirmationServiceImpl - MOM50 Bullish 3 session pattern detected but NOT confirmed by volume
2025-04-01 12:26:02.333 [main] INFO  c.e.s.i.SingleSessionCandleStickServiceImpl - SILVER: Open Low candle detected on 2025-03-28
2025-04-01 12:26:02.333 [main] INFO  c.e.s.i.CandleStickConfirmationServiceImpl - SILVER Bullish 1 session pattern detected but NOT confirmed by volume
