2025-04-01 12:09:27.529 [main] INFO  com.example.WebApplication - Starting WebApplication using Java 17.0.14 on RI-L053.local with PID 32251 (/Users/phs/mydrive/repo/track-n-pick/tnp-web/build/libs/tnp-web.jar started by phs in /Users/phs/mydrive/repo/track-n-pick)
2025-04-01 12:09:27.533 [main] DEBUG com.example.WebApplication - Running with Spring Boot v2.6.6, Spring v5.3.18
2025-04-01 12:09:27.534 [main] INFO  com.example.WebApplication - The following 1 profile is active: "local"
2025-04-01 12:09:30.522 [main] DEBUG c.e.w.s.JwtAuthenticationFilter - Filter 'jwtAuthenticationFilter' configured for use
2025-04-01 12:13:27.115 [main] INFO  com.example.WebApplication - Starting WebApplication using Java 17.0.14 on RI-L053.local with PID 33036 (/Users/phs/mydrive/repo/track-n-pick/tnp-web/build/libs/tnp-web.jar started by phs in /Users/phs/mydrive/repo/track-n-pick)
2025-04-01 12:13:27.119 [main] DEBUG com.example.WebApplication - Running with Spring Boot v2.6.6, Spring v5.3.18
2025-04-01 12:13:27.119 [main] INFO  com.example.WebApplication - The following 1 profile is active: "local"
2025-04-01 12:13:30.238 [main] DEBUG c.e.w.s.JwtAuthenticationFilter - Filter 'jwtAuthenticationFilter' configured for use
2025-04-01 12:16:27.395 [main] INFO  com.example.WebApplication - Starting WebApplication using Java 17.0.14 on RI-L053.local with PID 34139 (/Users/phs/mydrive/repo/track-n-pick/tnp-web/build/libs/tnp-web.jar started by phs in /Users/phs/mydrive/repo/track-n-pick)
2025-04-01 12:16:27.400 [main] DEBUG com.example.WebApplication - Running with Spring Boot v2.6.6, Spring v5.3.18
2025-04-01 12:16:27.401 [main] INFO  com.example.WebApplication - The following 1 profile is active: "local"
2025-04-01 12:16:30.680 [main] DEBUG c.e.w.s.JwtAuthenticationFilter - Filter 'jwtAuthenticationFilter' configured for use
2025-04-01 12:16:48.996 [main] INFO  com.example.WebApplication - Started WebApplication in 22.241 seconds (JVM running for 22.782)
2025-04-01 12:16:49.002 [main] INFO  com.example.WebRunner - Application started....
2025-04-01 12:18:39.435 [main] INFO  com.example.WebApplication - Starting WebApplication using Java 17.0.14 on RI-L053.local with PID 34320 (/Users/phs/mydrive/repo/track-n-pick/tnp-web/build/libs/tnp-web.jar started by phs in /Users/phs/mydrive/repo/track-n-pick)
2025-04-01 12:18:39.439 [main] DEBUG com.example.WebApplication - Running with Spring Boot v2.6.6, Spring v5.3.18
2025-04-01 12:18:39.440 [main] INFO  com.example.WebApplication - The following 1 profile is active: "local"
2025-04-01 12:18:42.012 [main] DEBUG c.e.w.s.JwtAuthenticationFilter - Filter 'jwtAuthenticationFilter' configured for use
2025-04-01 12:18:53.997 [main] INFO  com.example.WebApplication - Started WebApplication in 15.2 seconds (JVM running for 15.665)
2025-04-01 12:18:53.999 [main] INFO  com.example.WebRunner - Application started....
2025-04-01 12:20:49.826 [main] INFO  com.example.WebApplication - Starting WebApplication using Java 17.0.14 on RI-L053.local with PID 34507 (/Users/phs/mydrive/repo/track-n-pick/tnp-web/build/libs/tnp-web.jar started by phs in /Users/phs/mydrive/repo/track-n-pick)
2025-04-01 12:20:49.829 [main] DEBUG com.example.WebApplication - Running with Spring Boot v2.6.6, Spring v5.3.18
2025-04-01 12:20:49.830 [main] INFO  com.example.WebApplication - The following 1 profile is active: "local"
2025-04-01 12:20:52.503 [main] DEBUG c.e.w.s.JwtAuthenticationFilter - Filter 'jwtAuthenticationFilter' configured for use
